SQL> set pages 200 lines 200;
SQL> --Q.1
SQL> SELECT COUNT(EMPNO), DEPTNO
  2  FROM EMP
  3  WHERE JOB = 'CLERK'
  4  GROUP BY DEPTNO
  5  HAVING COUNT(EMPNO) >= 3;

no rows selected

SQL> --Q.2
SQL> SELECT SUM(SAL), DEPTNO
  2  FROM EMP
  3  GROUP BY DEPTNO
  4  HAVING COUNT(EMPNO) >= 4;

  SUM(SAL)     DEPTNO                                                                                                                                                                                   
---------- ----------                                                                                                                                                                                   
      9400         30                                                                                                                                                                                   
     10875         20                                                                                                                                                                                   

SQL> --Q.3
SQL> SELECT COUNT(*), SAL
  2  FROM EMP
  3  WHERE SAL > 1200
  4  GROUP BY JOB
  5  HAVING SAL > 3800;
HAVING SAL > 3800
       *
ERROR at line 5:
ORA-00979: not a GROUP BY expression 


SQL> ED
Wrote file afiedt.buf

  1  SELECT COUNT(*), JOB
  2  FROM EMP
  3  WHERE SAL > 1200
  4  GROUP BY JOB
  5* HAVING SUM(SAL) > 3800
SQL> /

  COUNT(*) JOB                                                                                                                                                                                          
---------- ---------                                                                                                                                                                                    
         4 SALESMAN                                                                                                                                                                                     
         1 PRESIDENT                                                                                                                                                                                    
         3 MANAGER                                                                                                                                                                                      
         2 ANALYST                                                                                                                                                                                      

SQL> --Q.4
SQL> SELECT COUNT(*), DEPTNO
  2  FROM EMP
  3  WHERE JOB = 'MANAGER'
  4  GROUP BY DEPTNO
  5  HAVING COUNT(*) = 2;

no rows selected

SQL> --Q.5
SQL> SELECT MAX(SAL),JOB
  2  FROM EMP
  3  GROUP BY JOB
  4  HAVING MAX(SAL) > 2600;

  MAX(SAL) JOB                                                                                                                                                                                          
---------- ---------                                                                                                                                                                                    
      5000 PRESIDENT                                                                                                                                                                                    
      2975 MANAGER                                                                                                                                                                                      
      3000 ANALYST                                                                                                                                                                                      

SQL> --Q.6
SQL> SELECT COUNT(*),SAL
  2  FROM EMP
  3  GROUP BY SAL
  4  HAVING COUNT(SAL) = 2;

  COUNT(*)        SAL                                                                                                                                                                                   
---------- ----------                                                                                                                                                                                   
         2       1250                                                                                                                                                                                   
         2       3000                                                                                                                                                                                   

SQL> --Q.7
SQL> SELECT COUNT(*) , HIREDATE
  2  FROM EMP
  3  GROUP BY HIREDATE
  4  WHERE COUNT(HIREDATE) = 2;
WHERE COUNT(HIREDATE) = 2
*
ERROR at line 4:
ORA-00933: SQL command not properly ended 


SQL> ED
Wrote file afiedt.buf

  1  SELECT COUNT(*) , HIREDATE
  2  FROM EMP
  3  GROUP BY HIREDATE
  4* HAVING COUNT(HIREDATE) = 2
SQL> /

  COUNT(*) HIREDATE                                                                                                                                                                                     
---------- ---------                                                                                                                                                                                    
         2 03-DEC-81                                                                                                                                                                                    

SQL> --Q.8
SQL> SELECT AVG(SAL), DEPTNO
  2  FROM EMP
  3  GROUP BY DEPTNO
  4  HAVING AVG(SAL) < 3000;

  AVG(SAL)     DEPTNO                                                                                                                                                                                   
---------- ----------                                                                                                                                                                                   
1566.66667         30                                                                                                                                                                                   
      2175         20                                                                                                                                                                                   
2916.66667         10                                                                                                                                                                                   

SQL> --Q.9
SQL> SELECT DEPTNO
  2  FROM EMP
  3  WHERE ENAME LIKE '%A%' OR ENAME LIKE '%S%'
  4  GROUP BY DEPTNO
  5  HAVING COUNT(*) >= 3;

no rows selected

SQL> --Q.10
SQL> SELECT MIN(SAL),MAX(SAL),JOB
  2  FROM EMP
  3  GROUP BY JOB
  4  HAVING MIN(SAL) > 1000 AND MAX(SAL) < 5000;

  MIN(SAL)   MAX(SAL) JOB                                                                                                                                                                               
---------- ---------- ---------                                                                                                                                                                         
      1250       1600 SALESMAN                                                                                                                                                                          
      2450       2975 MANAGER                                                                                                                                                                           
      3000       3000 ANALYST 

                                                                                                                                                                          

SQL> spool off;

 
