SQL> set pages 200 lines 200;
SQL> --Q.31
SQL> SELECT ENAME
  2  FROM EMP
  3  WHERE SAL > (SELECT SAL
  4               FROM EMP
  5               WHERE ENAME = 'SCOTT') AND DEPTNO = (SELECT DEPTNO
  6                                                    FROM DEPT
  7                                                    WHERE DNAME = 'ACCOUNTING);
ERROR:
ORA-01756: quoted string not properly terminated 


SQL> ED
Wrote file afiedt.buf

  1  SELECT ENAME
  2  FROM EMP
  3  WHERE SAL > (SELECT SAL
  4               FROM EMP
  5               WHERE ENAME = 'SCOTT') AND DEPTNO = (SELECT DEPTNO
  6                                                    FROM DEPT
  7*                                                   WHERE DNAME = 'ACCOUNTING')
SQL> /

ENAME                                                                                                                                                                                                   
----------                                                                                                                                                                                              
KING                                                                                                                                                                                                    

SQL> --Q.2
SQL> SELECT *
  2  FROM EMP
  3  WHERE JOB = 'MANAGER' AND DEPTNO = (SELECT DEPTNO
  4                                      FROM DEPT
  5                                      WHERE LOC = 'CHICAGO');

     EMPNO ENAME      JOB              MGR HIREDATE         SAL       COMM     DEPTNO                                                                                                                   
---------- ---------- --------- ---------- --------- ---------- ---------- ----------                                                                                                                   
      7698 BLAKE      MANAGER         7839 01-MAY-81       2850                    30                                                                                                                   

SQL> --Q.33
SQL> SELECT ENAME , SAL
  2  FROM EMP
  3  WHERE SAL > (SELECT SAL
  4               FROM EMP
  5               WHERE ENAME = 'KING')AND DEPTNO = (SELECT DEPTNO
  6                                                   FROM DEPT
  7                                                   WHERE DNAME = 'ACCOUNTING');

no rows selected

SQL> --Q.34
SQL> SELECT *
  2  FROM EMP
  3  WHERE JOB = 'SALESMAN' AND DEPTNO = (SELECT DEPTNO
  4                                       FROM DEPT
  5                                       WHERE DNAME = 'SALES');

     EMPNO ENAME      JOB              MGR HIREDATE         SAL       COMM     DEPTNO                                                                                                                   
---------- ---------- --------- ---------- --------- ---------- ---------- ----------                                                                                                                   
      7499 ALLEN      SALESMAN        7698 20-FEB-81       1600        300         30                                                                                                                   
      7521 WARD       SALESMAN        7698 22-FEB-81       1250        500         30                                                                                                                   
      7654 MARTIN     SALESMAN        7698 28-SEP-81       1250       1400         30                                                                                                                   
      7844 TURNER     SALESMAN        7698 08-SEP-81       1500          0         30                                                                                                                   

SQL> --Q.35
SQL> SELECT ENAME , SAL , JOB, HIREDATE
  2  FROM EMP
  3  WHERE HIREDATE < (SELECT HIREDATE
  4                     FROM EMP
  5                    WHERE ENAME = 'KING') AND DEPTNO =(SELECT DEPTNO
  6                                                        FROM DEPT
  7                                                        WHERE DNAME = 'OPERATIONS');

no rows selected

SQL> --Q.36
SQL> SELECT *
  2  FROM EMP
  3  WHERE DEPTNO = (SELECT DEPTNO
  4                  FROM DEPT
  5                  WHERE DNAME LIKE '%S');
WHERE DEPTNO = (SELECT DEPTNO
                *
ERROR at line 3:
ORA-01427: single-row subquery returns more than one row 


SQL> ED
Wrote file afiedt.buf

  1  SELECT *
  2  FROM EMP
  3  WHERE DEPTNO IN (SELECT DEPTNO
  4                  FROM DEPT
  5*                 WHERE DNAME LIKE '%S')
SQL> /

     EMPNO ENAME      JOB              MGR HIREDATE         SAL       COMM     DEPTNO                                                                                                                   
---------- ---------- --------- ---------- --------- ---------- ---------- ----------                                                                                                                   
      7499 ALLEN      SALESMAN        7698 20-FEB-81       1600        300         30                                                                                                                   
      7521 WARD       SALESMAN        7698 22-FEB-81       1250        500         30                                                                                                                   
      7654 MARTIN     SALESMAN        7698 28-SEP-81       1250       1400         30                                                                                                                   
      7698 BLAKE      MANAGER         7839 01-MAY-81       2850                    30                                                                                                                   
      7844 TURNER     SALESMAN        7698 08-SEP-81       1500          0         30                                                                                                                   
      7900 JAMES      CLERK           7698 03-DEC-81        950                    30                                                                                                                   

6 rows selected.

SQL> --Q.37
SQL> SELECT DNAME
  2  FROM DEPT
  3  WHERE DEPTNO IN (SELECT DEPTNO
  4                   FROM EMP
  5                   WHERE ENAME LIKE '%A%');

DNAME                                                                                                                                                                                                   
--------------                                                                                                                                                                                          
ACCOUNTING                                                                                                                                                                                              
RESEARCH                                                                                                                                                                                                
SALES                                                                                                                                                                                                   

SQL> --Q.38
SQL> SELECT DNAME , LOC
  2  FROM DEPT
  3  WHERE DEPTNO = (SELECT DEPTNO
  4                  FROM EMP
  5                  WHERE SAL = '800');

DNAME          LOC                                                                                                                                                                                      
-------------- -------------                                                                                                                                                                            
RESEARCH       DALLAS                                                                                                                                                                                   

SQL> --Q.39
SQL> SELECT DNAME
  2  FROM DEPT
  3  WHERE DEPTNO IN (SELECT DEPTNO
  4                    FROM EMP
  5                    WHERE COMM IS NOT NULL);

DNAME                                                                                                                                                                                                   
--------------                                                                                                                                                                                          
SALES                                                                                                                                                                                                   

SQL> --Q.40
SQL> SELECT LOC
  2  FROM DEPT
  3  WHERE DEPTNO = '40' AND DEPTNO = (SELECT DEPTNO
  4                                    FROM EMP
  5                                    WHERE COMM IS NOT NULL );
WHERE DEPTNO = '40' AND DEPTNO = (SELECT DEPTNO
                                  *
ERROR at line 3:
ORA-01427: single-row subquery returns more than one row 


SQL> ED
Wrote file afiedt.buf

  1  SELECT LOC
  2  FROM DEPT
  3  WHERE DEPTNO = '40' AND DEPTNO IN (SELECT DEPTNO
  4                                    FROM EMP
  5*                                   WHERE COMM IS NOT NULL )
SQL> /

no rows selected

SQL> SPOOL OFF;
